<?xml version="1.0" encoding="UTF-8"?>
<!-- Generated by org.testng.reporters.JUnitReportReporter -->
<testsuite hostname="DESKTOP-AKS92NU" failures="0" tests="1" name="com.internshala.AmazonSearchTest" time="23.902" errors="0" timestamp="2023-07-03T12:10:49 IST" skipped="0">
  <testcase classname="com.internshala.AmazonSearchTest" name="testSearchAndGetFifthElementName" time="23.902"/>
  <system-out/>
</testsuite> <!-- com.internshala.AmazonSearchTest -->
